<?xml version="1.0" encoding="UTF-8"?>
<!-- Generated by org.testng.reporters.JUnitXMLReporter -->
<testsuite ignored="0" hostname="DESKTOP-9HB5M8C" failures="0" tests="3" name="Default test" time="85.919" errors="0" timestamp="25 Apr 2022 10:56:15 GMT">
  <testcase classname="com.sita.testcases.deligation_of_amenities_to_BOs" name="supervisor_login_and_assigning_fhe" time="19.223"/>
  <testcase classname="com.sita.testcases.deligation_of_amenities_to_BOs" name="fhe_distribution" time="26.935"/>
  <testcase classname="com.sita.testcases.deligation_of_amenities_to_BOs" name="Bo_amenities_list" time="30.893"/>
</testsuite> <!-- Default test -->
