<?xml version="1.0" encoding="UTF-8"?>
<!-- Generated by org.testng.reporters.JUnitXMLReporter -->
<testsuite ignored="2" hostname="DESKTOP-9HB5M8C" failures="0" tests="5" name="Test" time="61.543" errors="0" timestamp="25 Apr 2022 04:46:39 GMT">
  <testcase classname="com.sita.pages.BaseClass_dev" name="@BeforeClass openingbrowser" time="0.0">
    <failure type="java.lang.NullPointerException" message="Cannot invoke &amp;quot;com.sita.utility.ConfigDataProvider.getBrowser()&amp;quot; because &amp;quot;this.config&amp;quot; is null">
      <![CDATA[java.lang.NullPointerException: Cannot invoke "com.sita.utility.ConfigDataProvider.getBrowser()" because "this.config" is null
	at com.sita.pages.BaseClass_dev.openingbrowser(BaseClass_dev.java:53)
... Removed 25 stack frames]]>
    </failure>
  </testcase> <!-- @BeforeClass openingbrowser -->
  <testcase classname="com.sita.pages.BaseClass_dev" name="@AfterMethod Screenshot" time="0.0">
    <skipped/>
  </testcase> <!-- @AfterMethod Screenshot -->
  <testcase classname="com.sita.pages.BaseClass_dev" name="@AfterMethod Screenshot" time="0.0">
    <skipped/>
  </testcase> <!-- @AfterMethod Screenshot -->
  <testcase classname="com.sita.pages.BaseClass_dev" name="@AfterClass closeBrowser" time="0.0">
    <skipped/>
  </testcase> <!-- @AfterClass closeBrowser -->
  <testcase classname="com.sita.pages.BaseClass_dev" name="@AfterMethod Screenshot" time="0.0">
    <skipped/>
  </testcase> <!-- @AfterMethod Screenshot -->
  <testcase classname="com.sita.pages.BaseClass_dev" name="@AfterClass closeBrowser" time="0.0">
    <skipped/>
  </testcase> <!-- @AfterClass closeBrowser -->
  <testcase classname="com.sita.testcases.Hotel_booking" name="supervisor_login_and_assigning_fhe" time="20.403"/>
  <testcase classname="com.sita.testcases.Hotel_booking" name="fhe_distribution" time="27.671"/>
  <testcase classname="com.sita.testcases.deligation_of_amenities_to_BO" name="fhe_distribution" time="0.01">
    <skipped/>
  </testcase> <!-- fhe_distribution -->
  <testcase classname="com.sita.testcases.Hotel_booking" name="supplier_login" time="0.004">
    <skipped/>
  </testcase> <!-- supplier_login -->
  <testcase classname="com.sita.testcases.deligation_of_amenities_to_BO" name="Bo_amenities_list" time="0.004">
    <skipped/>
  </testcase> <!-- Bo_amenities_list -->
  <testcase classname="com.sita.pages.BaseClass_dev" name="@BeforeSuite ExtentReportsetUp" time="0.0">
    <ignored/>
  </testcase> <!-- @BeforeSuite ExtentReportsetUp -->
  <testcase classname="com.sita.testcases.deligation_of_amenities_to_BO" name="supervisor_login_and_assigning_fhe" time="0.0">
    <ignored/>
  </testcase> <!-- supervisor_login_and_assigning_fhe -->
</testsuite> <!-- Test -->
