<?xml version="1.0" encoding="UTF-8"?>
<!-- Generated by org.testng.reporters.JUnitXMLReporter -->
<testsuite ignored="0" hostname="DESKTOP-9HB5M8C" failures="0" tests="3" name="Test1" time="0.104" errors="0" timestamp="22 Apr 2022 08:15:01 GMT">
  <testcase classname="com.sita.pages.BaseClass_dev" name="@BeforeClass openingbrowser" time="0.0">
    <failure type="java.lang.NullPointerException" message="Cannot invoke &amp;quot;com.sita.utility.ConfigDataProvider.getBrowser()&amp;quot; because &amp;quot;this.config&amp;quot; is null">
      <![CDATA[java.lang.NullPointerException: Cannot invoke "com.sita.utility.ConfigDataProvider.getBrowser()" because "this.config" is null
	at com.sita.pages.BaseClass_dev.openingbrowser(BaseClass_dev.java:53)
... Removed 25 stack frames]]>
    </failure>
  </testcase> <!-- @BeforeClass openingbrowser -->
  <testcase classname="com.sita.pages.BaseClass_dev" name="@AfterMethod Screenshot" time="0.0">
    <skipped/>
  </testcase> <!-- @AfterMethod Screenshot -->
  <testcase classname="com.sita.pages.BaseClass_dev" name="@AfterMethod Screenshot" time="0.0">
    <skipped/>
  </testcase> <!-- @AfterMethod Screenshot -->
  <testcase classname="com.sita.pages.BaseClass_dev" name="@AfterMethod Screenshot" time="0.0">
    <skipped/>
  </testcase> <!-- @AfterMethod Screenshot -->
  <testcase classname="com.sita.pages.BaseClass_dev" name="@AfterClass closeBrowser" time="0.0">
    <skipped/>
  </testcase> <!-- @AfterClass closeBrowser -->
  <testcase classname="com.sita.testcases.Hotel_booking" name="supervisor_login_and_assigning_fhe" time="0.003">
    <skipped/>
  </testcase> <!-- supervisor_login_and_assigning_fhe -->
  <testcase classname="com.sita.testcases.Hotel_booking" name="fhe_distribution" time="0.004">
    <skipped/>
  </testcase> <!-- fhe_distribution -->
  <testcase classname="com.sita.testcases.Hotel_booking" name="supplier_login" time="0.003">
    <skipped/>
  </testcase> <!-- supplier_login -->
</testsuite> <!-- Test1 -->
