<?xml version="1.0" encoding="UTF-8"?>
<!-- Generated by org.testng.reporters.JUnitXMLReporter -->
<testsuite ignored="0" hostname="DESKTOP-9HB5M8C" failures="0" tests="3" name="Hotel_booking" time="147.583" errors="0" timestamp="25 Apr 2022 08:19:34 GMT">
  <testcase classname="com.sita.testcases.Hotel_booking" name="supervisor_login_and_assigning_fhe" time="19.929"/>
  <testcase classname="com.sita.testcases.Hotel_booking" name="fhe_distribution" time="26.746"/>
  <testcase classname="com.sita.testcases.Hotel_booking" name="supplier_login" time="84.342"/>
</testsuite> <!-- Hotel_booking -->
