<?xml version="1.0" encoding="UTF-8"?>
<!-- Generated by org.testng.reporters.JUnitXMLReporter -->
<testsuite ignored="1" hostname="DESKTOP-9HB5M8C" failures="0" tests="2" name="deligation_of_amenities_to_BO" time="61.247" errors="0" timestamp="25 Apr 2022 08:20:36 GMT">
  <testcase classname="com.sita.testcases.deligation_of_amenities_to_BO" name="fhe_distribution" time="27.391"/>
  <testcase classname="com.sita.testcases.deligation_of_amenities_to_BO" name="Bo_amenities_list" time="25.899"/>
  <testcase classname="com.sita.testcases.deligation_of_amenities_to_BO" name="supervisor_login_and_assigning_fhe" time="0.0">
    <ignored/>
  </testcase> <!-- supervisor_login_and_assigning_fhe -->
</testsuite> <!-- deligation_of_amenities_to_BO -->
