<?xml version="1.0" encoding="UTF-8"?>
<testng-results ignored="0" total="3" passed="3" failed="0" skipped="0">
  <reporter-output>
    <line>
      <![CDATA[Setting up reports and Test is getting Ready]]>
    </line>
    <line>
      <![CDATA[Setting Done- Test Will start now]]>
    </line>
    <line>
      <![CDATA[Trying to start Browser and Getting application ready]]>
    </line>
    <line>
      <![CDATA[Browser and Application is up and running]]>
    </line>
    <line>
      <![CDATA[Test is about to end]]>
    </line>
    <line>
      <![CDATA[Test Completed >>> Reports Generated]]>
    </line>
    <line>
      <![CDATA[Test is about to end]]>
    </line>
    <line>
      <![CDATA[Test Completed >>> Reports Generated]]>
    </line>
    <line>
      <![CDATA[Test is about to end]]>
    </line>
    <line>
      <![CDATA[Test Completed >>> Reports Generated]]>
    </line>
  </reporter-output>
  <suite started-at="2022-04-25T10:54:49Z" name="Default suite" finished-at="2022-04-25T10:56:15Z" duration-ms="85919">
    <groups>
    </groups>
    <test started-at="2022-04-25T10:54:49Z" name="Default test" finished-at="2022-04-25T10:56:15Z" duration-ms="85919">
      <class name="com.sita.testcases.deligation_of_amenities_to_BOs">
        <test-method is-config="true" signature="ExtentReportsetUp()[pri:0, instance:com.sita.testcases.deligation_of_amenities_to_BOs@66c61024]" started-at="2022-04-25T16:24:47Z" name="ExtentReportsetUp" finished-at="2022-04-25T16:24:49Z" duration-ms="1596" status="PASS">
          <reporter-output>
            <line>
              <![CDATA[Setting up reports and Test is getting Ready]]>
            </line>
            <line>
              <![CDATA[Setting Done- Test Will start now]]>
            </line>
          </reporter-output>
        </test-method> <!-- ExtentReportsetUp -->
        <test-method is-config="true" signature="openingbrowser()[pri:0, instance:com.sita.testcases.deligation_of_amenities_to_BOs@66c61024]" started-at="2022-04-25T16:24:49Z" name="openingbrowser" finished-at="2022-04-25T16:24:56Z" duration-ms="7126" status="PASS">
          <reporter-output>
            <line>
              <![CDATA[Trying to start Browser and Getting application ready]]>
            </line>
            <line>
              <![CDATA[Browser and Application is up and running]]>
            </line>
          </reporter-output>
        </test-method> <!-- openingbrowser -->
        <test-method signature="supervisor_login_and_assigning_fhe()[pri:1, instance:com.sita.testcases.deligation_of_amenities_to_BOs@66c61024]" started-at="2022-04-25T16:24:56Z" name="supervisor_login_and_assigning_fhe" finished-at="2022-04-25T16:25:15Z" duration-ms="19223" status="PASS">
          <reporter-output>
          </reporter-output>
        </test-method> <!-- supervisor_login_and_assigning_fhe -->
        <test-method is-config="true" signature="Screenshot(org.testng.ITestResult)[pri:0, instance:com.sita.testcases.deligation_of_amenities_to_BOs@66c61024]" started-at="2022-04-25T16:25:15Z" name="Screenshot" finished-at="2022-04-25T16:25:16Z" duration-ms="663" status="PASS">
          <params>
            <param index="0">
              <value>
                <![CDATA[[TestResult name=supervisor_login_and_assigning_fhe status=SUCCESS method=deligation_of_amenities_to_BOs.supervisor_login_and_assigning_fhe()[pri:1, instance:com.sita.testcases.deligation_of_amenities_to_BOs@66c61024] output={null}]]]>
              </value>
            </param>
          </params>
          <reporter-output>
            <line>
              <![CDATA[Test is about to end]]>
            </line>
            <line>
              <![CDATA[Test Completed >>> Reports Generated]]>
            </line>
          </reporter-output>
        </test-method> <!-- Screenshot -->
        <test-method signature="fhe_distribution()[pri:2, instance:com.sita.testcases.deligation_of_amenities_to_BOs@66c61024]" started-at="2022-04-25T16:25:16Z" name="fhe_distribution" finished-at="2022-04-25T16:25:43Z" duration-ms="26935" status="PASS">
          <reporter-output>
          </reporter-output>
        </test-method> <!-- fhe_distribution -->
        <test-method is-config="true" signature="Screenshot(org.testng.ITestResult)[pri:0, instance:com.sita.testcases.deligation_of_amenities_to_BOs@66c61024]" started-at="2022-04-25T16:25:43Z" name="Screenshot" finished-at="2022-04-25T16:25:43Z" duration-ms="166" status="PASS">
          <params>
            <param index="0">
              <value>
                <![CDATA[[TestResult name=fhe_distribution status=SUCCESS method=deligation_of_amenities_to_BOs.fhe_distribution()[pri:2, instance:com.sita.testcases.deligation_of_amenities_to_BOs@66c61024] output={null}]]]>
              </value>
            </param>
          </params>
          <reporter-output>
            <line>
              <![CDATA[Test is about to end]]>
            </line>
            <line>
              <![CDATA[Test Completed >>> Reports Generated]]>
            </line>
          </reporter-output>
        </test-method> <!-- Screenshot -->
        <test-method signature="Bo_amenities_list()[pri:3, instance:com.sita.testcases.deligation_of_amenities_to_BOs@66c61024]" started-at="2022-04-25T16:25:43Z" name="Bo_amenities_list" finished-at="2022-04-25T16:26:14Z" duration-ms="30893" status="PASS">
          <reporter-output>
          </reporter-output>
        </test-method> <!-- Bo_amenities_list -->
        <test-method is-config="true" signature="Screenshot(org.testng.ITestResult)[pri:0, instance:com.sita.testcases.deligation_of_amenities_to_BOs@66c61024]" started-at="2022-04-25T16:26:14Z" name="Screenshot" finished-at="2022-04-25T16:26:14Z" duration-ms="312" status="PASS">
          <params>
            <param index="0">
              <value>
                <![CDATA[[TestResult name=Bo_amenities_list status=SUCCESS method=deligation_of_amenities_to_BOs.Bo_amenities_list()[pri:3, instance:com.sita.testcases.deligation_of_amenities_to_BOs@66c61024] output={null}]]]>
              </value>
            </param>
          </params>
          <reporter-output>
            <line>
              <![CDATA[Test is about to end]]>
            </line>
            <line>
              <![CDATA[Test Completed >>> Reports Generated]]>
            </line>
          </reporter-output>
        </test-method> <!-- Screenshot -->
        <test-method is-config="true" signature="closeBrowser()[pri:0, instance:com.sita.testcases.deligation_of_amenities_to_BOs@66c61024]" started-at="2022-04-25T16:26:14Z" name="closeBrowser" finished-at="2022-04-25T16:26:15Z" duration-ms="546" status="PASS">
          <reporter-output>
          </reporter-output>
        </test-method> <!-- closeBrowser -->
      </class> <!-- com.sita.testcases.deligation_of_amenities_to_BOs -->
    </test> <!-- Default test -->
  </suite> <!-- Default suite -->
</testng-results>
